#
# A fatal error has been detected by the Java Runtime Environment:
#
#  EXCEPTION_IN_PAGE_ERROR (0xc0000006) at pc=0x00007ffe887d19e9, pid=1016, tid=20252
#
# JRE version:  (17.0.9+7) (build )
# Java VM: OpenJDK 64-Bit Server VM (17.0.9+7-b1000.46, mixed mode, sharing, tiered, compressed oops, compressed class ptrs, g1 gc, windows-amd64)
# Problematic frame:
# C  [VCRUNTIME140.dll+0x19e9]
#
# No core dump will be written. Minidumps are not enabled by default on client versions of Windows
#
#

---------------  S U M M A R Y ------------

Command Line: git4idea.http.GitAskPassApp Username for 'https://github.com': 

Host: AMD Ryzen 7 5700U with Radeon Graphics         , 16 cores, 19G,  Windows 11 , 64 bit Build 22621 (10.0.22621.4391)
Time: Fri Jan 17 13:25:41 2025 Hora oficial do Brasil elapsed time: 0.051966 seconds (0d 0h 0m 0s)

---------------  T H R E A D  ---------------

Current thread is native thread

Stack: [0x0000000585300000,0x0000000585400000],  sp=0x00000005853ff1a8,  free space=1020k
Native frames: (J=compiled Java code, j=interpreted, Vv=VM code, C=native code)
C  [VCRUNTIME140.dll+0x19e9]
V  [jvm.dll+0x6aa243]
V  [jvm.dll+0x6a8f07]
V  [jvm.dll+0x6a8abe]
V  [jvm.dll+0x372217]
V  [jvm.dll+0x7f12b3]
V  [jvm.dll+0x3f5d4f]
V  [jvm.dll+0x3f7981]
C  [jli.dll+0x528f]
C  [ucrtbase.dll+0x29333]
C  [KERNEL32.DLL+0x1259d]
C  [ntdll.dll+0x5af38]


siginfo: EXCEPTION_IN_PAGE_ERROR (0xc0000006), writing address 0x000001a9357b0000


Registers:
RAX=0x000001a9357b0000, RBX=0x000001a9357b0000, RCX=0x000001a9357b0000, RDX=0x0000000000000000
RSP=0x00000005853ff1a8, RBP=0x000001a9356ef090, RSI=0x000001a93545c250, RDI=0x0000000000000000
R8 =0x0000000000010000, R9 =0x0000000000000000, R10=0x0000000000000000, R11=0x000001a9357b0000
R12=0x0000000000000001, R13=0x00007ffe11d164b0, R14=0x000001a935436820, R15=0x0000000000010000
RIP=0x00007ffe887d19e9, EFLAGS=0x0000000000010246


Top of Stack: (sp=0x00000005853ff1a8)
0x00000005853ff1a8:   00007ffe119ea243 000001a9356ef090
0x00000005853ff1b8:   000001a93545c250 000001a93545c250
0x00000005853ff1c8:   0000000000000220 0000000000010000
0x00000005853ff1d8:   00000005853ff1f0 00000005853ff460
0x00000005853ff1e8:   0000000000000104 0000010100000103
0x00000005853ff1f8:   000001a9356ef094 0000000000000000
0x00000005853ff208:   00000005853ff2b9 000001a935420000
0x00000005853ff218:   00007ffea78accaa 000001a935350000
0x00000005853ff228:   0000000500000000 0000000000000014
0x00000005853ff238:   00007ffe00000000 000001a9005c3a43
0x00000005853ff248:   0000000000000000 0000000000000002
0x00000005853ff258:   000001a900000000 0000000000000009
0x00000005853ff268:   0000000000000020 0000000000000002
0x00000005853ff278:   0000000000000000 00007ffea7870000
0x00000005853ff288:   0000000000000090 000000000000ba64
0x00000005853ff298:   0000000000000000 00000000001d0026
0x00000005853ff2a8:   0000000000000060 000001a9354681e0
0x00000005853ff2b8:   0000000000000000 000001a935350180
0x00000005853ff2c8:   00007ffea78d3628 000001a900000000
0x00000005853ff2d8:   000001a935351080 00007ffe11985850
0x00000005853ff2e8:   00000005853ffa08 00007ffe11d164b0
0x00000005853ff2f8:   0000000000000001 0000000000000001
0x00000005853ff308:   00000005853ff3b0 0000000000000008
0x00000005853ff318:   00007ffea50b1966 0000000000000000
0x00000005853ff328:   00007ffea78ad69a 000000000002004a
0x00000005853ff338:   0000000000000030 000001a9354682e0
0x00000005853ff348:   00007ffe119bae31 0000000000000014
0x00000005853ff358:   00000005853f0000 0000000000000000
0x00000005853ff368:   000001a935351200 0000000000000080
0x00000005853ff378:   0000000000000000 000001a9353502ac
0x00000005853ff388:   0000000000000030 000001a935350cc0
0x00000005853ff398:   00007ffea78c3810 0000000000000000 

Instructions: (pc=0x00007ffe887d19e9)
0x00007ffe887d18e9:   29 41 70 0f 29 49 60 0f 10 44 11 50 0f 10 4c 11
0x00007ffe887d18f9:   40 49 ff c9 0f 29 41 50 0f 29 49 40 0f 10 44 11
0x00007ffe887d1909:   30 0f 10 4c 11 20 0f 29 41 30 0f 29 49 20 0f 10
0x00007ffe887d1919:   44 11 10 0f 10 0c 11 75 ae 0f 29 41 10 49 83 e0
0x00007ffe887d1929:   7f 0f 28 c1 4d 8b c8 49 c1 e9 04 74 1a 66 66 0f
0x00007ffe887d1939:   1f 84 00 00 00 00 00 0f 11 01 48 83 e9 10 0f 10
0x00007ffe887d1949:   04 11 49 ff c9 75 f0 49 83 e0 0f 74 08 41 0f 10
0x00007ffe887d1959:   0a 41 0f 11 0b 0f 11 01 49 8b c3 c3 cc cc cc cc
0x00007ffe887d1969:   cc cc cc cc cc cc cc cc cc cc cc cc cc 66 66 0f
0x00007ffe887d1979:   1f 84 00 00 00 00 00 57 8b c2 48 8b f9 49 8b c8
0x00007ffe887d1989:   f3 aa 49 8b c3 5f c3 cc cc cc cc cc cc 66 66 0f
0x00007ffe887d1999:   1f 84 00 00 00 00 00 4c 8b d9 0f b6 d2 49 b9 01
0x00007ffe887d19a9:   01 01 01 01 01 01 01 4c 0f af ca 49 83 f8 10 0f
0x00007ffe887d19b9:   86 f2 00 00 00 66 49 0f 6e c1 66 0f 60 c0 49 81
0x00007ffe887d19c9:   f8 80 00 00 00 77 10 e9 6b 00 00 00 66 66 66 0f
0x00007ffe887d19d9:   1f 84 00 00 00 00 00 f6 05 d5 49 01 00 02 75 97
0x00007ffe887d19e9:   0f 11 01 4c 03 c1 48 83 c1 10 48 83 e1 f0 4c 2b
0x00007ffe887d19f9:   c1 4d 8b c8 49 c1 e9 07 74 3d 4c 3b 0d 1e 46 01
0x00007ffe887d1a09:   00 0f 87 60 00 00 00 0f 29 01 0f 29 41 10 48 81
0x00007ffe887d1a19:   c1 80 00 00 00 0f 29 41 a0 0f 29 41 b0 49 ff c9
0x00007ffe887d1a29:   0f 29 41 c0 0f 29 41 d0 0f 29 41 e0 66 0f 29 41
0x00007ffe887d1a39:   f0 75 d4 49 83 e0 7f 4d 8b c8 49 c1 e9 04 74 13
0x00007ffe887d1a49:   0f 1f 80 00 00 00 00 0f 11 01 48 83 c1 10 49 ff
0x00007ffe887d1a59:   c9 75 f4 49 83 e0 0f 74 06 42 0f 11 44 01 f0 49
0x00007ffe887d1a69:   8b c3 c3 0f 1f 40 00 0f 2b 01 0f 2b 41 10 48 81
0x00007ffe887d1a79:   c1 80 00 00 00 0f 2b 41 a0 0f 2b 41 b0 49 ff c9
0x00007ffe887d1a89:   0f 2b 41 c0 0f 2b 41 d0 0f 2b 41 e0 0f 2b 41 f0
0x00007ffe887d1a99:   75 d5 0f ae f8 49 83 e0 7f eb 9c 66 66 66 66 0f
0x00007ffe887d1aa9:   1f 84 00 00 00 00 00 49 8b d1 4c 8d 0d 46 e5 ff
0x00007ffe887d1ab9:   ff 43 8b 84 81 b0 80 01 00 4c 03 c8 49 03 c8 49
0x00007ffe887d1ac9:   8b c3 41 ff e1 66 90 48 89 51 f1 89 51 f9 66 89
0x00007ffe887d1ad9:   51 fd 88 51 ff c3 90 48 89 51 f4 89 51 fc c3 48 



---------------  P R O C E S S  ---------------

VM state: not at safepoint (not fully initialized)

VM Mutex/Monitor currently owned by a thread: None

Heap address: 0x0000000000000000, size: 0 MB, Compressed Oops mode: 32-bit

CDS archive(s) mapped at: [0x0000000000000000-0x0000000000000000-0x0000000000000000), size 0, SharedBaseAddress: 0x0000000800000000, ArchiveRelocationMode: 1.
Narrow klass base: 0x0000000000000000, Narrow klass shift: 0, Narrow klass range: 0x0

GC Precious Log:
<Not initialized>

Dll operation events (0 events):
No events

Deoptimization events (0 events):
No events

Classes unloaded (0 events):
No events

Classes redefined (0 events):
No events

Internal exceptions (0 events):
No events

VM Operations (0 events):
No events

Events (0 events):
No events


Dynamic libraries:
0x00007ff7bc6e0000 - 0x00007ff7bc6ea000 	D:\IntelliJ IDEA 2023.2.5\jbr\bin\java.exe
0x00007ffea7870000 - 0x00007ffea7a87000 	C:\Windows\SYSTEM32\ntdll.dll
0x00007ffea5670000 - 0x00007ffea5734000 	C:\Windows\System32\KERNEL32.DLL
0x00007ffea4b40000 - 0x00007ffea4efa000 	C:\Windows\System32\KERNELBASE.dll
0x00007ffea50a0000 - 0x00007ffea51b1000 	C:\Windows\System32\ucrtbase.dll
0x00007ffe45bb0000 - 0x00007ffe45bc7000 	D:\IntelliJ IDEA 2023.2.5\jbr\bin\jli.dll
0x00007ffea7180000 - 0x00007ffea732e000 	C:\Windows\System32\USER32.dll
0x00007ffea51c0000 - 0x00007ffea51e6000 	C:\Windows\System32\win32u.dll
0x00007ffe93a20000 - 0x00007ffe93cb2000 	C:\Windows\WinSxS\amd64_microsoft.windows.common-controls_6595b64144ccf1df_6.0.22621.4541_none_2710d1c57384c085\COMCTL32.dll
0x00007ffea5c50000 - 0x00007ffea5c79000 	C:\Windows\System32\GDI32.dll
0x00007ffea7780000 - 0x00007ffea7827000 	C:\Windows\System32\msvcrt.dll
0x00007ffea4f80000 - 0x00007ffea509b000 	C:\Windows\System32\gdi32full.dll
0x00007ffea5410000 - 0x00007ffea54aa000 	C:\Windows\System32\msvcp_win.dll
0x00007ffe887d0000 - 0x00007ffe887eb000 	D:\IntelliJ IDEA 2023.2.5\jbr\bin\VCRUNTIME140.dll
0x00007ffea7140000 - 0x00007ffea7171000 	C:\Windows\System32\IMM32.DLL
0x00007ffea0ea0000 - 0x00007ffea0eac000 	D:\IntelliJ IDEA 2023.2.5\jbr\bin\vcruntime140_1.dll
0x00007ffe7dd40000 - 0x00007ffe7ddcd000 	D:\IntelliJ IDEA 2023.2.5\jbr\bin\msvcp140.dll
0x00007ffe11340000 - 0x00007ffe11fc3000 	D:\IntelliJ IDEA 2023.2.5\jbr\bin\server\jvm.dll
0x00007ffea5c80000 - 0x00007ffea5d32000 	C:\Windows\System32\ADVAPI32.dll
0x00007ffea76d0000 - 0x00007ffea7777000 	C:\Windows\System32\sechost.dll
0x00007ffea53e0000 - 0x00007ffea5408000 	C:\Windows\System32\bcrypt.dll
0x00007ffea75b0000 - 0x00007ffea76c4000 	C:\Windows\System32\RPCRT4.dll
0x00007ffea4860000 - 0x00007ffea48ad000 	C:\Windows\SYSTEM32\POWRPROF.dll
0x00007ffe9fb00000 - 0x00007ffe9fb34000 	C:\Windows\SYSTEM32\WINMM.dll
0x00007ffe9c430000 - 0x00007ffe9c43a000 	C:\Windows\SYSTEM32\VERSION.dll
0x00007ffe87430000 - 0x00007ffe87439000 	C:\Windows\SYSTEM32\WSOCK32.dll
0x00007ffea6b40000 - 0x00007ffea6bb1000 	C:\Windows\System32\WS2_32.dll
0x00007ffea4840000 - 0x00007ffea4853000 	C:\Windows\SYSTEM32\UMPDC.dll
0x00007ffea3af0000 - 0x00007ffea3b08000 	C:\Windows\SYSTEM32\kernel.appcore.dll
0x00007ffe73a30000 - 0x00007ffe73a3a000 	D:\IntelliJ IDEA 2023.2.5\jbr\bin\jimage.dll
0x00007ffea2190000 - 0x00007ffea23c2000 	C:\Windows\SYSTEM32\DBGHELP.DLL
0x00007ffea6bc0000 - 0x00007ffea6f4f000 	C:\Windows\System32\combase.dll
0x00007ffea59b0000 - 0x00007ffea5a87000 	C:\Windows\System32\OLEAUT32.dll
0x00007ffe7ffc0000 - 0x00007ffe7fff2000 	C:\Windows\SYSTEM32\dbgcore.DLL
0x00007ffea4f00000 - 0x00007ffea4f7b000 	C:\Windows\System32\bcryptPrimitives.dll

dbghelp: loaded successfully - version: 4.0.5 - missing functions: none
symbol engine: initialized successfully - sym options: 0x614 - pdb path: .;D:\IntelliJ IDEA 2023.2.5\jbr\bin;C:\Windows\SYSTEM32;C:\Windows\WinSxS\amd64_microsoft.windows.common-controls_6595b64144ccf1df_6.0.22621.4541_none_2710d1c57384c085;D:\IntelliJ IDEA 2023.2.5\jbr\bin\server

VM Arguments:
java_command: git4idea.http.GitAskPassApp Username for 'https://github.com': 
java_class_path (initial): D:/IntelliJ IDEA 2023.2.5/plugins/vcs-git/lib/git4idea-rt.jar;D:/IntelliJ IDEA 2023.2.5/lib/externalProcess-rt.jar
Launcher Type: SUN_STANDARD

[Global flags]
     uint ConcGCThreads                            = 3                                         {product} {ergonomic}
     uint G1ConcRefinementThreads                  = 13                                        {product} {ergonomic}
    uintx GCDrainStackTargetSize                   = 64                                        {product} {ergonomic}
   size_t InitialHeapSize                          = 324703168                                 {product} {ergonomic}
   size_t MarkStackSize                            = 4194304                                   {product} {ergonomic}
   size_t MaxHeapSize                              = 5195250688                                {product} {ergonomic}
   size_t MinHeapSize                              = 6815736                                   {product} {ergonomic}
    uintx ReservedCodeCacheSize                    = 251658240                              {pd product} {ergonomic}
     bool SegmentedCodeCache                       = true                                      {product} {ergonomic}
     bool UseCompressedClassPointers               = true                           {product lp64_product} {ergonomic}
     bool UseCompressedOops                        = true                           {product lp64_product} {ergonomic}
     bool UseG1GC                                  = true                                      {product} {ergonomic}
     bool UseLargePagesIndividualAllocation        = false                                  {pd product} {ergonomic}

Logging:
Log output configuration:
 #0: stdout all=warning uptime,level,tags
 #1: stderr all=off uptime,level,tags

Environment Variables:
JAVA_HOME=C:\Program Files\Java\jdk-17
PATH=C:\Program Files\Git\mingw64\libexec\git-core;C:\Program Files\Git\mingw64\libexec\git-core;C:\Program Files\Git\mingw64\libexec\git-core;C:\Program Files\Git\mingw64\bin;C:\Program Files\Git\usr\bin;C:\Users\Usuario\bin;D:\Usuario\AppData\Android\platform-tools;D:\Usuario\AppData\Android\latest-2\cmdline-tools;D:\Usuario\AppData\Android\emulator;D:\flutter\bin;C:\cmdline-tools\bin;C:\Program Files\Java\jdk-17\bin;C:\Program Files\Common Files\Oracle\Java\javapath;C:\Program Files (x86)\Common Files\Oracle\Java\javapath;C:\Users\Usuario\.jdks\azul-15.0.10\bin;C:\Users\Usuario\.jdks\corretto-17.0.9\bin;C:\MinGW\bin;C:\Windows\system32;C:\Windows;C:\Windows\System32\Wbem;C:\Program Files\CMake\bin;C:\lua-5.4.7\src;C:\Windows\System32\WindowsPowerShell\v1.0;C:\Program Files\Git\cmd;C:\gradle-8.5\bin;C:\Users\Usuario\.m2\wrapper\dists\apache-maven-3.8.7-bin\1ktonn2lleg549uah6ngl1r74r\apache-maven-3.8.7\bin;C:\Program Files\Docker\Docker\resources\bin;C:\Windows\System32\OpenSSH;C:\ProgramData\chocolatey\bin;C:\ProgramData\chocolatey\lib\cmake;C:\Program Files\Go\bin;C:\Users\Usuario\AppData\Local\nvm;C:\nvm4w\nodejs;D:\Usuario\AppData\Android\tools;C:\Users\Usuario\AppData\Roaming\npm;C:\Users\Usuario\AppData\Local\Microsoft\WindowsApps;C:\Users\Usuario\AppData\Local\Programs\Microsoft VS Code\bin;D:\IntelliJ IDEA 2023.2.5\bin;C:\Users\Usuario\go\bin;C:\Users\Usuario\AppData\Local\nvm;C:\nvm4w\nodejs;C:\nvm4w;D:\Usuario\AppData\Android\tools;C:\Users\Usuario\AppData\Roaming\npm;C:\Users\Usuario\AppData\Local\Microsoft\WindowsApps;C:\Users\Usuario\AppData\Local\Programs\Microsoft VS Code\bin;D:\IntelliJ IDEA 2023.2.5\bin;C:\Users\Usuario\go\bin;C:\Users\Usuario\AppData\Local\nvm;C:\nvm4w\nodejs
USERNAME=Usuario
DISPLAY=:0.0
LC_ALL=en_US.UTF-8
TERM=xterm-256color
TMPDIR=C:\Users\Usuario\AppData\Local\Temp
OS=Windows_NT
PROCESSOR_IDENTIFIER=AMD64 Family 23 Model 104 Stepping 1, AuthenticAMD
TMP=C:\Users\Usuario\AppData\Local\Temp
TEMP=C:\Users\Usuario\AppData\Local\Temp



Periodic native trim disabled

JNI global refs:
JNI global refs: 0, weak refs: 0

JNI global refs memory usage: 0, weak refs: 0

OOME stack traces (most recent first):
Classloader memory used:
Not available (crashed in non-Java thread)

---------------  S Y S T E M  ---------------

OS:
 Windows 11 , 64 bit Build 22621 (10.0.22621.4391)
OS uptime: 1 days 1:49 hours

CPU: total 16 (initial active 16) 
Processor Information for all 16 processors :
  Max Mhz: 1801, Current Mhz: 1801, Mhz Limit: 1801

Memory: 4k page, system-wide physical 19818M (4693M free)
TotalPageFile size 31594M (AvailPageFile size 11776M)
current process WorkingSet (physical memory assigned to process): 9M, peak: 9M
current process commit charge ("private bytes"): 3M, peak: 3M

vm_info: OpenJDK 64-Bit Server VM (17.0.9+7-b1000.46) for windows-amd64 JRE (17.0.9+7-b1000.46), built on 2023-10-27 by "builduser" with MS VC++ 16.10 / 16.11 (VS2019)

END.
